Checking nvcr.io/nvidia/caffe:18.08-py2...
5099685a5cf859b7e108165079211ce4  -
5099685a5cf859b7e108165079211ce4  -
Elapsed time 1 minutes and 9 seconds
Checking nvcr.io/nvidia/caffe2:18.08-py3...
5df3d1a678d751d7a3ba5246e7dbad02  -
5df3d1a678d751d7a3ba5246e7dbad02  -
Elapsed time 37 seconds
Checking nvcr.io/nvidia/cntk:18.08-py3...
29fa28ff40faaf4423f48829ac44a241  -
29fa28ff40faaf4423f48829ac44a241  -
Elapsed time 1 minutes and 50 seconds
Checking nvcr.io/nvidia/cuda:9.0-cudnn7.2-devel-ubuntu16.04...
4c5f4f045698babec3a64edb1f58d900  -
4c5f4f045698babec3a64edb1f58d900  -
Elapsed time 19 seconds
Checking nvcr.io/nvidia/digits:18.08...
0558d87ddbe482eb2efb6e10c5f45897  -
0558d87ddbe482eb2efb6e10c5f45897  -
Elapsed time 2 minutes and 23 seconds
Checking nvcr.io/nvidia/inferenceserver:18.08.1-py3...
fe6e3047b4b277f2e6a9fa3925d500cb  -
fe6e3047b4b277f2e6a9fa3925d500cb  -
Elapsed time 27 seconds
Checking nvcr.io/nvidia/mxnet:18.08-py3...
540a146ae1b91b1d9b069890f6c84ab8  -
540a146ae1b91b1d9b069890f6c84ab8  -
Elapsed time 47 seconds
Checking nvcr.io/nvidia/pytorch:18.08-py3...
67ec8e6be94080abf152d9c19ea74178  -
67ec8e6be94080abf152d9c19ea74178  -
Elapsed time 1 minutes and 52 seconds
Checking nvcr.io/nvidia/tensorflow:18.08-py3...
14676a005b7144afb29ad4ec00b6bdf0  -
14676a005b7144afb29ad4ec00b6bdf0  -
Elapsed time 38 seconds
Checking nvcr.io/nvidia/tensorrt:18.08-py3...
df40da545ab699405d83d71c42c791b3  -
df40da545ab699405d83d71c42c791b3  -
Elapsed time 31 seconds
Checking nvcr.io/nvidia/theano:18.08...
19e0b58b5f21079e90a853552dff76e0  -
19e0b58b5f21079e90a853552dff76e0  -
Elapsed time 41 seconds
Checking nvcr.io/nvidia/torch:18.08-py2...
0648b596eb204d3b05fb062a45626fec  -
0648b596eb204d3b05fb062a45626fec  -
Elapsed time 33 seconds
